{
  "RSpec": {
    "coverage": {
      "/Users/quinnkrug/turing/3module/projects/rales_engine/app/models/customer.rb": [
        1,
        1,
        1,
        null
      ],
      "/Users/quinnkrug/turing/3module/projects/rales_engine/app/models/application_record.rb": [
        1,
        1,
        null
      ],
      "/Users/quinnkrug/turing/3module/projects/rales_engine/app/models/invoice_item.rb": [
        1,
        1,
        1,
        null
      ],
      "/Users/quinnkrug/turing/3module/projects/rales_engine/app/models/invoice.rb": [
        1,
        1,
        1,
        1,
        1,
        1,
        null
      ],
      "/Users/quinnkrug/turing/3module/projects/rales_engine/app/models/item.rb": [
        1,
        1,
        1,
        1,
        null,
        1,
        1,
        null,
        null
      ],
      "/Users/quinnkrug/turing/3module/projects/rales_engine/app/models/merchant.rb": [
        1,
        1,
        1,
        1,
        1,
        null
      ],
      "/Users/quinnkrug/turing/3module/projects/rales_engine/app/models/transaction.rb": [
        1,
        1,
        null,
        2,
        null
      ],
      "/Users/quinnkrug/turing/3module/projects/rales_engine/app/controllers/api/v1/customers_controller.rb": [
        1,
        null,
        1,
        1,
        null,
        null,
        1,
        0,
        null,
        null
      ],
      "/Users/quinnkrug/turing/3module/projects/rales_engine/app/controllers/application_controller.rb": [
        1,
        null
      ],
      "/Users/quinnkrug/turing/3module/projects/rales_engine/app/serializers/customer_serializer.rb": [
        1,
        1,
        1,
        null
      ],
      "/Users/quinnkrug/turing/3module/projects/rales_engine/app/controllers/api/v1/invoice_items_controller.rb": [
        1,
        null,
        1,
        1,
        null,
        null,
        1,
        0,
        null,
        null,
        null
      ],
      "/Users/quinnkrug/turing/3module/projects/rales_engine/app/serializers/invoice_item_serializer.rb": [
        1,
        1,
        1,
        null
      ],
      "/Users/quinnkrug/turing/3module/projects/rales_engine/app/controllers/api/v1/invoices_controller.rb": [
        1,
        null,
        1,
        1,
        null,
        null,
        1,
        0,
        null,
        null,
        null
      ],
      "/Users/quinnkrug/turing/3module/projects/rales_engine/app/serializers/invoice_serializer.rb": [
        1,
        1,
        1,
        null
      ],
      "/Users/quinnkrug/turing/3module/projects/rales_engine/app/controllers/api/v1/items_controller.rb": [
        1,
        null,
        1,
        1,
        null,
        null,
        1,
        0,
        null,
        null,
        null
      ],
      "/Users/quinnkrug/turing/3module/projects/rales_engine/app/serializers/item_serializer.rb": [
        1,
        1,
        1,
        null
      ],
      "/Users/quinnkrug/turing/3module/projects/rales_engine/app/controllers/api/v1/merchants_controller.rb": [
        1,
        null,
        1,
        1,
        null,
        null,
        1,
        0,
        null,
        null,
        null
      ],
      "/Users/quinnkrug/turing/3module/projects/rales_engine/app/serializers/merchant_serializer.rb": [
        1,
        1,
        1,
        null
      ],
      "/Users/quinnkrug/turing/3module/projects/rales_engine/app/controllers/api/v1/transactions_controller.rb": [
        1,
        null,
        1,
        1,
        null,
        null,
        1,
        0,
        null,
        null
      ],
      "/Users/quinnkrug/turing/3module/projects/rales_engine/app/serializers/transaction_serializer.rb": [
        1,
        1,
        1,
        null,
        null
      ]
    },
    "timestamp": 1543795270
  }
}
